0 info it worked if it ends with ok
1 verbose cli [ '/usr/local/Cellar/node/7.4.0/bin/node',
1 verbose cli   '/usr/local/bin/npm',
1 verbose cli   'run',
1 verbose cli   'deploy' ]
2 info using npm@4.0.5
3 info using node@v7.4.0
4 verbose run-script [ 'predeploy', 'deploy', 'postdeploy' ]
5 info lifecycle lorenwright-portfolio@0.1.0~predeploy: lorenwright-portfolio@0.1.0
6 verbose lifecycle lorenwright-portfolio@0.1.0~predeploy: unsafe-perm in lifecycle true
7 verbose lifecycle lorenwright-portfolio@0.1.0~predeploy: PATH: /usr/local/lib/node_modules/npm/bin/node-gyp-bin:/Users/developersbarsnesssolutionscom/sandbox/lorenwright-portfolio.io/node_modules/.bin:/Users/developersbarsnesssolutionscom/.rvm/gems/ruby-2.3.0/bin:/Users/developersbarsnesssolutionscom/.rvm/gems/ruby-2.3.0@global/bin:/Users/developersbarsnesssolutionscom/.rvm/rubies/ruby-2.3.0/bin:/usr/local/bin:/usr/bin:/bin:/usr/sbin:/sbin:/Users/developersbarsnesssolutionscom/.rvm/bin:/Users/developersbarsnesssolutionscom/Library/Android/sdk/platform-tools:/Users/developersbarsnesssolutionscom/Library/Android/sdk/tools
8 verbose lifecycle lorenwright-portfolio@0.1.0~predeploy: CWD: /Users/developersbarsnesssolutionscom/sandbox/lorenwright-portfolio.io
9 silly lifecycle lorenwright-portfolio@0.1.0~predeploy: Args: [ '-c', 'npm run build' ]
10 silly lifecycle lorenwright-portfolio@0.1.0~predeploy: Returned: code: 0  signal: null
11 info lifecycle lorenwright-portfolio@0.1.0~deploy: lorenwright-portfolio@0.1.0
12 verbose lifecycle lorenwright-portfolio@0.1.0~deploy: unsafe-perm in lifecycle true
13 verbose lifecycle lorenwright-portfolio@0.1.0~deploy: PATH: /usr/local/lib/node_modules/npm/bin/node-gyp-bin:/Users/developersbarsnesssolutionscom/sandbox/lorenwright-portfolio.io/node_modules/.bin:/Users/developersbarsnesssolutionscom/.rvm/gems/ruby-2.3.0/bin:/Users/developersbarsnesssolutionscom/.rvm/gems/ruby-2.3.0@global/bin:/Users/developersbarsnesssolutionscom/.rvm/rubies/ruby-2.3.0/bin:/usr/local/bin:/usr/bin:/bin:/usr/sbin:/sbin:/Users/developersbarsnesssolutionscom/.rvm/bin:/Users/developersbarsnesssolutionscom/Library/Android/sdk/platform-tools:/Users/developersbarsnesssolutionscom/Library/Android/sdk/tools
14 verbose lifecycle lorenwright-portfolio@0.1.0~deploy: CWD: /Users/developersbarsnesssolutionscom/sandbox/lorenwright-portfolio.io
15 silly lifecycle lorenwright-portfolio@0.1.0~deploy: Args: [ '-c', 'gh-pages -d build' ]
16 silly lifecycle lorenwright-portfolio@0.1.0~deploy: Returned: code: 1  signal: null
17 info lifecycle lorenwright-portfolio@0.1.0~deploy: Failed to exec deploy script
18 verbose stack Error: lorenwright-portfolio@0.1.0 deploy: `gh-pages -d build`
18 verbose stack Exit status 1
18 verbose stack     at EventEmitter.<anonymous> (/usr/local/lib/node_modules/npm/lib/utils/lifecycle.js:279:16)
18 verbose stack     at emitTwo (events.js:106:13)
18 verbose stack     at EventEmitter.emit (events.js:191:7)
18 verbose stack     at ChildProcess.<anonymous> (/usr/local/lib/node_modules/npm/lib/utils/spawn.js:40:14)
18 verbose stack     at emitTwo (events.js:106:13)
18 verbose stack     at ChildProcess.emit (events.js:191:7)
18 verbose stack     at maybeClose (internal/child_process.js:885:16)
18 verbose stack     at Process.ChildProcess._handle.onexit (internal/child_process.js:226:5)
19 verbose pkgid lorenwright-portfolio@0.1.0
20 verbose cwd /Users/developersbarsnesssolutionscom/sandbox/lorenwright-portfolio.io
21 error Darwin 16.6.0
22 error argv "/usr/local/Cellar/node/7.4.0/bin/node" "/usr/local/bin/npm" "run" "deploy"
23 error node v7.4.0
24 error npm  v4.0.5
25 error code ELIFECYCLE
26 error lorenwright-portfolio@0.1.0 deploy: `gh-pages -d build`
26 error Exit status 1
27 error Failed at the lorenwright-portfolio@0.1.0 deploy script 'gh-pages -d build'.
27 error Make sure you have the latest version of node.js and npm installed.
27 error If you do, this is most likely a problem with the lorenwright-portfolio package,
27 error not with npm itself.
27 error Tell the author that this fails on your system:
27 error     gh-pages -d build
27 error You can get information on how to open an issue for this project with:
27 error     npm bugs lorenwright-portfolio
27 error Or if that isn't available, you can get their info via:
27 error     npm owner ls lorenwright-portfolio
27 error There is likely additional logging output above.
28 verbose exit [ 1, true ]
